<?xml version="1.0" encoding="UTF-8"?>
<!-- Generated by org.testng.reporters.JUnitReportReporter -->
<testsuite skipped="0" hostname="AmirPC" name="Academy.validateNavigationBar" tests="1" failures="0" timestamp="2020-09-21T18:50:38 PKT" time="0.057" errors="0">
  <testcase name="validateAppNavBar" time="0.057" classname="Academy.validateNavigationBar"/>
</testsuite> <!-- Academy.validateNavigationBar -->
