<?xml version="1.0" encoding="UTF-8"?>
<!-- Generated by org.testng.reporters.JUnitReportReporter -->
<testsuite skipped="0" hostname="AmirPC" name="Academy.HomePage" tests="2" failures="0" timestamp="2020-09-21T18:50:38 PKT" time="15.991" errors="0">
  <testcase name="basePageNavigation" time="1.833" classname="Academy.HomePage"/>
  <testcase name="basePageNavigation" time="14.158" classname="Academy.HomePage"/>
</testsuite> <!-- Academy.HomePage -->
